INFO  02:53:51 Application started. Press Ctrl+C to shut down.
INFO  02:53:51 Application started. Press Ctrl+C to shut down.
INFO  02:53:51 Hosting environment: Development
INFO  02:53:51 Hosting environment: Development
INFO  02:53:51 Content root path: C:\Users\Dell\source\repos\Pensioner_Details
INFO  02:53:51 Content root path: C:\Users\Dell\source\repos\Pensioner_Details
INFO  02:55:17 Data is read from CSV file
INFO  02:55:17 Pensioner details invoked by Aadhar Number!
INFO  02:55:44 Data is read from CSV file
INFO  02:55:44 Pensioner details invoked by Aadhar Number!
INFO  03:50:13 Application started. Press Ctrl+C to shut down.
INFO  03:50:13 Application started. Press Ctrl+C to shut down.
INFO  03:50:13 Hosting environment: Development
INFO  03:50:13 Hosting environment: Development
INFO  03:50:13 Content root path: C:\Users\Dell\source\repos\Pensioner_Details
INFO  03:50:13 Content root path: C:\Users\Dell\source\repos\Pensioner_Details
INFO  06:57:19 Application started. Press Ctrl+C to shut down.
INFO  06:57:19 Application started. Press Ctrl+C to shut down.
INFO  06:57:19 Hosting environment: Development
INFO  06:57:19 Hosting environment: Development
INFO  06:57:19 Content root path: C:\Users\Dell\source\repos\Pensioner_Details
INFO  06:57:19 Content root path: C:\Users\Dell\source\repos\Pensioner_Details
INFO  06:58:46 Data is read from CSV file
INFO  06:59:54 Pensioner details invoked by Aadhar Number!
INFO  07:14:13 Application started. Press Ctrl+C to shut down.
INFO  07:14:13 Application started. Press Ctrl+C to shut down.
INFO  07:14:13 Hosting environment: Development
INFO  07:14:13 Hosting environment: Development
INFO  07:14:13 Content root path: C:\Users\Dell\source\repos\Pensioner_Details
INFO  07:14:13 Content root path: C:\Users\Dell\source\repos\Pensioner_Details
INFO  07:14:43 Data is read from CSV file
INFO  07:14:43 Pensioner details invoked by Aadhar Number!
INFO  08:06:02 Application started. Press Ctrl+C to shut down.
INFO  08:06:02 Application started. Press Ctrl+C to shut down.
INFO  08:06:02 Hosting environment: Development
INFO  08:06:02 Hosting environment: Development
INFO  08:06:02 Content root path: C:\Users\Dell\source\repos\Pensioner_Details
INFO  08:06:02 Content root path: C:\Users\Dell\source\repos\Pensioner_Details
INFO  08:06:20 Data is read from CSV file
INFO  08:06:20 Pensioner details invoked by Aadhar Number!
