INFO  10:48:37 Application started. Press Ctrl+C to shut down.
INFO  10:48:37 Application started. Press Ctrl+C to shut down.
INFO  10:48:37 Hosting environment: Development
INFO  10:48:37 Hosting environment: Development
INFO  10:48:37 Content root path: D:\Dotnet Full stack\Enhancement Project\Pension-Management-Portal\AuthorizationAPI
INFO  10:48:37 Content root path: D:\Dotnet Full stack\Enhancement Project\Pension-Management-Portal\AuthorizationAPI
INFO  10:49:17 Login initiated!
INFO  10:49:17 Validating the User!
INFO  10:56:06 Login initiated!
INFO  10:56:06 Validating the User!
INFO  10:58:10 Login initiated!
INFO  10:58:10 Validating the User!
INFO  10:58:18 Login initiated!
INFO  10:58:18 Validating the User!
INFO  10:59:30 Login initiated!
INFO  10:59:30 Validating the User!
INFO  11:34:31 Login initiated!
INFO  11:34:31 Validating the User!
INFO  11:35:14 Login initiated!
INFO  11:35:14 Validating the User!
INFO  12:24:30 Login initiated!
INFO  12:24:30 Validating the User!
INFO  12:24:30 Token Is Generated!
INFO  12:26:12 Login initiated!
INFO  12:26:12 Validating the User!
INFO  12:26:12 Token Is Generated!
INFO  09:23:09 Application started. Press Ctrl+C to shut down.
INFO  09:23:09 Application started. Press Ctrl+C to shut down.
INFO  09:23:09 Hosting environment: Development
INFO  09:23:09 Hosting environment: Development
INFO  09:23:09 Content root path: D:\Dotnet Full stack\Enhancement Project\Pension-Management-Portal\AuthorizationAPI
INFO  09:23:09 Content root path: D:\Dotnet Full stack\Enhancement Project\Pension-Management-Portal\AuthorizationAPI
INFO  09:24:13 Login initiated!
INFO  09:24:13 Validating the User!
INFO  09:24:13 Token Is Generated!
INFO  03:59:42 Application started. Press Ctrl+C to shut down.
INFO  03:59:42 Application started. Press Ctrl+C to shut down.
INFO  03:59:42 Hosting environment: Development
INFO  03:59:42 Hosting environment: Development
INFO  03:59:42 Content root path: D:\Dotnet Full stack\Enhancement Project\Pension-Management-Portal\AuthorizationAPI
INFO  03:59:42 Content root path: D:\Dotnet Full stack\Enhancement Project\Pension-Management-Portal\AuthorizationAPI
INFO  04:00:09 Login initiated!
INFO  04:00:09 Validating the User!
INFO  04:00:09 Token Is Generated!
INFO  04:01:03 Login initiated!
INFO  04:01:03 Validating the User!
INFO  04:01:11 Login initiated!
INFO  04:01:11 Validating the User!
INFO  04:01:23 Login initiated!
INFO  04:01:23 Validating the User!
INFO  04:01:23 Token Is Generated!
INFO  12:57:32 Application started. Press Ctrl+C to shut down.
INFO  12:57:32 Application started. Press Ctrl+C to shut down.
INFO  12:57:32 Hosting environment: Development
INFO  12:57:32 Hosting environment: Development
INFO  12:57:32 Content root path: E:\cts cts2\Pension-Management-Portal\Pension-Management-Portal\AuthorizationAPI
INFO  12:57:32 Content root path: E:\cts cts2\Pension-Management-Portal\Pension-Management-Portal\AuthorizationAPI
INFO  01:01:07 Login initiated!
INFO  01:01:07 Validating the User!
INFO  01:01:07 Token Is Generated!
INFO  01:24:32 Application started. Press Ctrl+C to shut down.
INFO  01:24:32 Application started. Press Ctrl+C to shut down.
INFO  01:24:32 Hosting environment: Development
INFO  01:24:32 Hosting environment: Development
INFO  01:24:32 Content root path: E:\cts cts2\Pension-Management-Portal\Pension-Management-Portal\AuthorizationAPI
INFO  01:24:32 Content root path: E:\cts cts2\Pension-Management-Portal\Pension-Management-Portal\AuthorizationAPI
INFO  01:34:02 Login initiated!
INFO  01:34:02 Validating the User!
INFO  01:34:02 Token Is Generated!
INFO  01:47:03 Login initiated!
INFO  01:47:03 Validating the User!
INFO  01:47:03 Token Is Generated!
INFO  01:51:21 Login initiated!
INFO  01:51:21 Validating the User!
INFO  01:51:32 Login initiated!
INFO  01:51:32 Validating the User!
INFO  01:51:32 Token Is Generated!
INFO  01:59:48 Login initiated!
INFO  01:59:48 Validating the User!
INFO  01:59:55 Login initiated!
INFO  01:59:55 Validating the User!
INFO  01:59:55 Token Is Generated!
INFO  02:15:15 Login initiated!
INFO  02:15:15 Validating the User!
INFO  02:15:15 Token Is Generated!
INFO  02:16:17 Login initiated!
INFO  02:16:17 Validating the User!
INFO  02:16:17 Token Is Generated!
INFO  02:17:16 Login initiated!
INFO  02:17:16 Validating the User!
INFO  02:17:16 Token Is Generated!
INFO  02:19:04 Login initiated!
INFO  02:19:04 Validating the User!
INFO  02:19:04 Token Is Generated!
INFO  02:19:08 Login initiated!
INFO  02:19:08 Validating the User!
INFO  02:19:08 Token Is Generated!
INFO  02:20:56 Login initiated!
INFO  02:20:56 Validating the User!
INFO  02:20:56 Token Is Generated!
INFO  02:21:23 Login initiated!
INFO  02:21:23 Validating the User!
INFO  02:21:23 Token Is Generated!
INFO  02:27:02 Login initiated!
INFO  02:27:02 Validating the User!
INFO  02:27:02 Token Is Generated!
INFO  02:29:20 Login initiated!
INFO  02:29:20 Validating the User!
INFO  02:29:20 Token Is Generated!
INFO  02:31:24 Login initiated!
INFO  02:31:24 Validating the User!
INFO  02:31:24 Token Is Generated!
INFO  08:59:57 Application started. Press Ctrl+C to shut down.
INFO  08:59:57 Application started. Press Ctrl+C to shut down.
INFO  08:59:57 Hosting environment: Development
INFO  08:59:57 Hosting environment: Development
INFO  08:59:57 Content root path: E:\cts cts2\Pension-Management-Portal\Pension-Management-Portal\AuthorizationAPI
INFO  08:59:57 Content root path: E:\cts cts2\Pension-Management-Portal\Pension-Management-Portal\AuthorizationAPI
INFO  09:05:31 Application started. Press Ctrl+C to shut down.
INFO  09:05:32 Application started. Press Ctrl+C to shut down.
INFO  09:05:32 Hosting environment: Development
INFO  09:05:32 Hosting environment: Development
INFO  09:05:32 Content root path: E:\cts cts2\Pension-Management-Portal\Pension-Management-Portal\AuthorizationAPI
INFO  09:05:32 Content root path: E:\cts cts2\Pension-Management-Portal\Pension-Management-Portal\AuthorizationAPI
INFO  09:33:59 Login initiated!
INFO  09:33:59 Validating the User!
INFO  09:33:59 Token Is Generated!
INFO  09:36:59 Login initiated!
INFO  09:36:59 Validating the User!
INFO  09:36:59 Token Is Generated!
INFO  09:38:39 Login initiated!
INFO  09:38:39 Validating the User!
INFO  09:38:39 Token Is Generated!
INFO  09:39:33 Login initiated!
INFO  09:39:33 Validating the User!
INFO  09:39:33 Token Is Generated!
INFO  09:41:21 Login initiated!
INFO  09:41:21 Validating the User!
INFO  09:41:21 Token Is Generated!
INFO  09:50:16 Login initiated!
INFO  09:50:16 Validating the User!
INFO  09:50:16 Token Is Generated!
INFO  09:51:27 Login initiated!
INFO  09:51:27 Validating the User!
INFO  09:51:27 Token Is Generated!
INFO  09:59:28 Login initiated!
INFO  09:59:28 Validating the User!
INFO  09:59:28 Token Is Generated!
INFO  10:01:14 Login initiated!
INFO  10:01:14 Validating the User!
INFO  10:01:14 Token Is Generated!
INFO  10:02:11 Login initiated!
INFO  10:02:11 Validating the User!
INFO  10:02:11 Token Is Generated!
INFO  11:43:50 Application started. Press Ctrl+C to shut down.
INFO  11:43:50 Application started. Press Ctrl+C to shut down.
INFO  11:43:50 Hosting environment: Development
INFO  11:43:50 Hosting environment: Development
INFO  11:43:50 Content root path: E:\cts cts2\Pension-Management-Portal\Pension-Management-Portal\AuthorizationAPI
INFO  11:43:50 Content root path: E:\cts cts2\Pension-Management-Portal\Pension-Management-Portal\AuthorizationAPI
INFO  11:50:27 Login initiated!
INFO  11:50:27 Validating the User!
INFO  11:50:27 Token Is Generated!
INFO  11:50:36 Login initiated!
INFO  11:50:36 Validating the User!
INFO  11:58:06 Login initiated!
INFO  11:58:06 Validating the User!
INFO  11:58:06 Token Is Generated!
INFO  12:02:36 Login initiated!
INFO  12:02:36 Validating the User!
INFO  12:02:36 Token Is Generated!
INFO  03:08:53 Login initiated!
INFO  03:08:53 Validating the User!
INFO  03:08:53 Token Is Generated!
INFO  03:09:13 Login initiated!
INFO  03:09:13 Validating the User!
INFO  03:10:36 Login initiated!
INFO  03:10:36 Validating the User!
INFO  03:10:36 Token Is Generated!
INFO  04:47:29 Login initiated!
INFO  04:47:29 Validating the User!
INFO  04:47:29 Token Is Generated!
INFO  04:53:41 Login initiated!
INFO  04:53:41 Validating the User!
INFO  04:53:41 Token Is Generated!
INFO  04:54:01 Login initiated!
INFO  04:54:01 Validating the User!
INFO  04:54:01 Token Is Generated!
